<?xml version="1.0" encoding="UTF-8"?>
<coverage generated="1707082285833" clover="3.2.0">
  <project timestamp="1707082285834" name="All files">
    <metrics statements="65" coveredstatements="65" conditionals="19" coveredconditionals="13" methods="13" coveredmethods="13" elements="97" coveredelements="91" complexity="0" loc="65" ncloc="65" packages="2" files="3" classes="3"/>
    <package name="src">
      <metrics statements="32" coveredstatements="32" conditionals="11" coveredconditionals="7" methods="5" coveredmethods="5"/>
      <file name="index.tsx" path="/home/andrey/Develop/progressive-counter/src/index.tsx">
        <metrics statements="5" coveredstatements="5" conditionals="1" coveredconditionals="1" methods="1" coveredmethods="1"/>
        <line num="1" count="1" type="stmt"/>
        <line num="3" count="1" type="stmt"/>
        <line num="16" count="1" type="stmt"/>
        <line num="25" count="6" type="stmt"/>
        <line num="33" count="6" type="stmt"/>
      </file>
      <file name="progressiveCounter.ts" path="/home/andrey/Develop/progressive-counter/src/progressiveCounter.ts">
        <metrics statements="27" coveredstatements="27" conditionals="10" coveredconditionals="6" methods="4" coveredmethods="4"/>
        <line num="10" count="1" type="stmt"/>
        <line num="11" count="96" type="stmt"/>
        <line num="14" count="1" type="stmt"/>
        <line num="15" count="96" type="stmt"/>
        <line num="18" count="1" type="stmt"/>
        <line num="26" count="1" type="stmt"/>
        <line num="27" count="1" type="stmt"/>
        <line num="30" count="1" type="cond" truecount="1" falsecount="1"/>
        <line num="32" count="1" type="stmt"/>
        <line num="33" count="1" type="stmt"/>
        <line num="35" count="1" type="stmt"/>
        <line num="37" count="1" type="stmt"/>
        <line num="40" count="1" type="stmt"/>
        <line num="41" count="96" type="cond" truecount="1" falsecount="0"/>
        <line num="42" count="1" type="stmt"/>
        <line num="45" count="96" type="stmt"/>
        <line num="46" count="96" type="stmt"/>
        <line num="48" count="96" type="cond" truecount="2" falsecount="0"/>
        <line num="49" count="1" type="stmt"/>
        <line num="50" count="1" type="stmt"/>
        <line num="52" count="95" type="stmt"/>
        <line num="53" count="95" type="stmt"/>
        <line num="54" count="95" type="stmt"/>
        <line num="56" count="96" type="stmt"/>
        <line num="58" count="96" type="cond" truecount="1" falsecount="0"/>
        <line num="59" count="96" type="stmt"/>
        <line num="63" count="1" type="stmt"/>
      </file>
    </package>
    <package name="src.hooks">
      <metrics statements="33" coveredstatements="33" conditionals="8" coveredconditionals="6" methods="8" coveredmethods="8"/>
      <file name="useProgressiveCounter.ts" path="/home/andrey/Develop/progressive-counter/src/hooks/useProgressiveCounter.ts">
        <metrics statements="33" coveredstatements="33" conditionals="8" coveredconditionals="6" methods="8" coveredmethods="8"/>
        <line num="1" count="2" type="stmt"/>
        <line num="3" count="2" type="stmt"/>
        <line num="10" count="18" type="stmt"/>
        <line num="11" count="18" type="stmt"/>
        <line num="14" count="18" type="cond" truecount="1" falsecount="1"/>
        <line num="16" count="18" type="stmt"/>
        <line num="18" count="6" type="stmt"/>
        <line num="19" count="6" type="stmt"/>
        <line num="21" count="6" type="stmt"/>
        <line num="22" count="6" type="stmt"/>
        <line num="27" count="18" type="stmt"/>
        <line num="28" count="12" type="stmt"/>
        <line num="31" count="12" type="stmt"/>
        <line num="32" count="554" type="cond" truecount="1" falsecount="0"/>
        <line num="33" count="6" type="stmt"/>
        <line num="36" count="554" type="stmt"/>
        <line num="37" count="554" type="stmt"/>
        <line num="39" count="554" type="cond" truecount="2" falsecount="0"/>
        <line num="40" count="3" type="stmt"/>
        <line num="42" count="551" type="stmt"/>
        <line num="43" count="551" type="stmt"/>
        <line num="44" count="551" type="stmt"/>
        <line num="48" count="12" type="stmt"/>
        <line num="50" count="12" type="stmt"/>
        <line num="51" count="12" type="stmt"/>
        <line num="55" count="18" type="stmt"/>
        <line num="56" count="6" type="stmt"/>
        <line num="59" count="18" type="stmt"/>
        <line num="61" count="18" type="stmt"/>
        <line num="64" count="2" type="stmt"/>
        <line num="65" count="557" type="stmt"/>
        <line num="68" count="2" type="stmt"/>
        <line num="69" count="557" type="stmt"/>
      </file>
    </package>
  </project>
</coverage>
