{"/home/andrey/Develop/progressive-counter/src/index.tsx": {"path":"/home/andrey/Develop/progressive-counter/src/index.tsx","statementMap":{"0":{"start":{"line":1,"column":0},"end":{"line":1,"column":31}},"1":{"start":{"line":3,"column":0},"end":{"line":3,"column":70}},"2":{"start":{"line":25,"column":18},"end":{"line":30,"column":null}},"3":{"start":{"line":33,"column":2},"end":{"line":33,"column":77}},"4":{"start":{"line":16,"column":0},"end":{"line":16,"column":16}}},"fnMap":{"0":{"name":"ProgressiveCounter","decl":{"start":{"line":16,"column":16},"end":{"line":16,"column":34}},"loc":{"start":{"line":24,"column":8},"end":{"line":34,"column":1}}}},"branchMap":{"0":{"loc":{"start":{"line":23,"column":2},"end":{"line":23,"column":17}},"type":"default-arg","locations":[{"start":{"line":23,"column":12},"end":{"line":23,"column":17}}]}},"s":{"0":1,"1":1,"2":6,"3":6,"4":1},"f":{"0":6},"b":{"0":[3]}}
,"/home/andrey/Develop/progressive-counter/src/progressiveCounter.ts": {"path":"/home/andrey/Develop/progressive-counter/src/progressiveCounter.ts","statementMap":{"0":{"start":{"line":10,"column":13},"end":{"line":12,"column":1}},"1":{"start":{"line":11,"column":2},"end":{"line":11,"column":29}},"2":{"start":{"line":14,"column":21},"end":{"line":16,"column":1}},"3":{"start":{"line":15,"column":2},"end":{"line":15,"column":36}},"4":{"start":{"line":26,"column":15},"end":{"line":26,"column":25}},"5":{"start":{"line":27,"column":16},"end":{"line":27,"column":28}},"6":{"start":{"line":30,"column":4},"end":{"line":30,"column":70}},"7":{"start":{"line":32,"column":21},"end":{"line":32,"column":31}},"8":{"start":{"line":33,"column":16},"end":{"line":33,"column":57}},"9":{"start":{"line":35,"column":2},"end":{"line":35,"column":63}},"10":{"start":{"line":37,"column":33},"end":{"line":37,"column":37}},"11":{"start":{"line":40,"column":24},"end":{"line":61,"column":3}},"12":{"start":{"line":41,"column":4},"end":{"line":43,"column":5}},"13":{"start":{"line":42,"column":6},"end":{"line":42,"column":37}},"14":{"start":{"line":45,"column":20},"end":{"line":45,"column":42}},"15":{"start":{"line":46,"column":21},"end":{"line":46,"column":39}},"16":{"start":{"line":48,"column":4},"end":{"line":55,"column":5}},"17":{"start":{"line":49,"column":6},"end":{"line":49,"column":23}},"18":{"start":{"line":50,"column":6},"end":{"line":50,"column":38}},"19":{"start":{"line":52,"column":20},"end":{"line":52,"column":65}},"20":{"start":{"line":53,"column":6},"end":{"line":53,"column":22}},"21":{"start":{"line":54,"column":6},"end":{"line":54,"column":55}},"22":{"start":{"line":56,"column":15},"end":{"line":56,"column":65}},"23":{"start":{"line":58,"column":4},"end":{"line":60,"column":5}},"24":{"start":{"line":59,"column":6},"end":{"line":59,"column":47}},"25":{"start":{"line":63,"column":2},"end":{"line":63,"column":51}},"26":{"start":{"line":18,"column":0},"end":{"line":18,"column":16}}},"fnMap":{"0":{"name":"(anonymous_0)","decl":{"start":{"line":10,"column":13},"end":{"line":10,"column":14}},"loc":{"start":{"line":10,"column":53},"end":{"line":12,"column":1}}},"1":{"name":"(anonymous_1)","decl":{"start":{"line":14,"column":21},"end":{"line":14,"column":22}},"loc":{"start":{"line":14,"column":39},"end":{"line":16,"column":1}}},"2":{"name":"progressiveCounter","decl":{"start":{"line":18,"column":16},"end":{"line":18,"column":34}},"loc":{"start":{"line":25,"column":8},"end":{"line":64,"column":1}}},"3":{"name":"(anonymous_3)","decl":{"start":{"line":40,"column":24},"end":{"line":40,"column":27}},"loc":{"start":{"line":40,"column":29},"end":{"line":61,"column":3}}}},"branchMap":{"0":{"loc":{"start":{"line":20,"column":2},"end":{"line":20,"column":17}},"type":"default-arg","locations":[{"start":{"line":20,"column":13},"end":{"line":20,"column":17}}]},"1":{"loc":{"start":{"line":21,"column":2},"end":{"line":21,"column":14}},"type":"default-arg","locations":[{"start":{"line":21,"column":13},"end":{"line":21,"column":14}}]},"2":{"loc":{"start":{"line":22,"column":2},"end":{"line":22,"column":11}},"type":"default-arg","locations":[{"start":{"line":22,"column":10},"end":{"line":22,"column":11}}]},"3":{"loc":{"start":{"line":24,"column":9},"end":{"line":24,"column":28}},"type":"default-arg","locations":[{"start":{"line":24,"column":19},"end":{"line":24,"column":28}}]},"4":{"loc":{"start":{"line":30,"column":4},"end":{"line":30,"column":70}},"type":"cond-expr","locations":[{"start":{"line":30,"column":41},"end":{"line":30,"column":55}},{"start":{"line":30,"column":58},"end":{"line":30,"column":70}}]},"5":{"loc":{"start":{"line":41,"column":4},"end":{"line":43,"column":5}},"type":"if","locations":[{"start":{"line":41,"column":4},"end":{"line":43,"column":5}}]},"6":{"loc":{"start":{"line":48,"column":4},"end":{"line":55,"column":5}},"type":"if","locations":[{"start":{"line":48,"column":4},"end":{"line":55,"column":5}},{"start":{"line":51,"column":11},"end":{"line":55,"column":5}}]},"7":{"loc":{"start":{"line":58,"column":4},"end":{"line":60,"column":5}},"type":"if","locations":[{"start":{"line":58,"column":4},"end":{"line":60,"column":5}}]}},"s":{"0":1,"1":96,"2":1,"3":96,"4":1,"5":1,"6":1,"7":1,"8":1,"9":1,"10":1,"11":1,"12":96,"13":1,"14":96,"15":96,"16":96,"17":1,"18":1,"19":95,"20":95,"21":95,"22":96,"23":96,"24":96,"25":1,"26":1},"f":{"0":96,"1":96,"2":1,"3":96},"b":{"0":[0],"1":[0],"2":[1],"3":[0],"4":[0,1],"5":[1],"6":[1,95],"7":[96]}}
,"/home/andrey/Develop/progressive-counter/src/hooks/useProgressiveCounter.ts": {"path":"/home/andrey/Develop/progressive-counter/src/hooks/useProgressiveCounter.ts","statementMap":{"0":{"start":{"line":1,"column":0},"end":{"line":1,"column":57}},"1":{"start":{"line":3,"column":37},"end":{"line":62,"column":1}},"2":{"start":{"line":10,"column":30},"end":{"line":10,"column":52}},"3":{"start":{"line":11,"column":32},"end":{"line":11,"column":54}},"4":{"start":{"line":14,"column":4},"end":{"line":14,"column":70}},"5":{"start":{"line":16,"column":19},"end":{"line":24,"column":null}},"6":{"start":{"line":18,"column":25},"end":{"line":18,"column":30}},"7":{"start":{"line":19,"column":20},"end":{"line":19,"column":61}},"8":{"start":{"line":21,"column":6},"end":{"line":21,"column":28}},"9":{"start":{"line":22,"column":6},"end":{"line":22,"column":69}},"10":{"start":{"line":27,"column":2},"end":{"line":53,"column":41}},"11":{"start":{"line":28,"column":35},"end":{"line":28,"column":39}},"12":{"start":{"line":31,"column":26},"end":{"line":46,"column":5}},"13":{"start":{"line":32,"column":6},"end":{"line":34,"column":7}},"14":{"start":{"line":33,"column":8},"end":{"line":33,"column":39}},"15":{"start":{"line":36,"column":22},"end":{"line":36,"column":44}},"16":{"start":{"line":37,"column":23},"end":{"line":37,"column":41}},"17":{"start":{"line":39,"column":6},"end":{"line":45,"column":7}},"18":{"start":{"line":40,"column":8},"end":{"line":40,"column":27}},"19":{"start":{"line":42,"column":22},"end":{"line":42,"column":67}},"20":{"start":{"line":43,"column":8},"end":{"line":43,"column":26}},"21":{"start":{"line":44,"column":8},"end":{"line":44,"column":57}},"22":{"start":{"line":48,"column":4},"end":{"line":48,"column":53}},"23":{"start":{"line":50,"column":4},"end":{"line":52,"column":6}},"24":{"start":{"line":51,"column":6},"end":{"line":51,"column":38}},"25":{"start":{"line":55,"column":2},"end":{"line":57,"column":29}},"26":{"start":{"line":56,"column":4},"end":{"line":56,"column":25}},"27":{"start":{"line":59,"column":16},"end":{"line":59,"column":41}},"28":{"start":{"line":61,"column":2},"end":{"line":61,"column":17}},"29":{"start":{"line":3,"column":13},"end":{"line":3,"column":37}},"30":{"start":{"line":64,"column":13},"end":{"line":66,"column":1}},"31":{"start":{"line":65,"column":2},"end":{"line":65,"column":29}},"32":{"start":{"line":68,"column":21},"end":{"line":70,"column":1}},"33":{"start":{"line":69,"column":2},"end":{"line":69,"column":36}}},"fnMap":{"0":{"name":"(anonymous_0)","decl":{"start":{"line":3,"column":37},"end":{"line":3,"column":null}},"loc":{"start":{"line":9,"column":14},"end":{"line":62,"column":1}}},"1":{"name":"(anonymous_1)","decl":{"start":{"line":17,"column":4},"end":{"line":17,"column":5}},"loc":{"start":{"line":17,"column":22},"end":{"line":23,"column":5}}},"2":{"name":"(anonymous_2)","decl":{"start":{"line":27,"column":12},"end":{"line":27,"column":15}},"loc":{"start":{"line":27,"column":17},"end":{"line":53,"column":3}}},"3":{"name":"(anonymous_3)","decl":{"start":{"line":31,"column":26},"end":{"line":31,"column":29}},"loc":{"start":{"line":31,"column":31},"end":{"line":46,"column":5}}},"4":{"name":"(anonymous_4)","decl":{"start":{"line":50,"column":11},"end":{"line":50,"column":14}},"loc":{"start":{"line":50,"column":16},"end":{"line":52,"column":5}}},"5":{"name":"(anonymous_5)","decl":{"start":{"line":55,"column":12},"end":{"line":55,"column":15}},"loc":{"start":{"line":55,"column":17},"end":{"line":57,"column":3}}},"6":{"name":"(anonymous_6)","decl":{"start":{"line":64,"column":13},"end":{"line":64,"column":14}},"loc":{"start":{"line":64,"column":61},"end":{"line":66,"column":1}}},"7":{"name":"(anonymous_7)","decl":{"start":{"line":68,"column":21},"end":{"line":68,"column":22}},"loc":{"start":{"line":68,"column":47},"end":{"line":70,"column":1}}}},"branchMap":{"0":{"loc":{"start":{"line":5,"column":2},"end":{"line":5,"column":17}},"type":"default-arg","locations":[{"start":{"line":5,"column":13},"end":{"line":5,"column":17}}]},"1":{"loc":{"start":{"line":6,"column":2},"end":{"line":6,"column":14}},"type":"default-arg","locations":[{"start":{"line":6,"column":13},"end":{"line":6,"column":14}}]},"2":{"loc":{"start":{"line":7,"column":2},"end":{"line":7,"column":11}},"type":"default-arg","locations":[{"start":{"line":7,"column":10},"end":{"line":7,"column":11}}]},"3":{"loc":{"start":{"line":14,"column":4},"end":{"line":14,"column":70}},"type":"cond-expr","locations":[{"start":{"line":14,"column":41},"end":{"line":14,"column":55}},{"start":{"line":14,"column":58},"end":{"line":14,"column":70}}]},"4":{"loc":{"start":{"line":32,"column":6},"end":{"line":34,"column":7}},"type":"if","locations":[{"start":{"line":32,"column":6},"end":{"line":34,"column":7}}]},"5":{"loc":{"start":{"line":39,"column":6},"end":{"line":45,"column":7}},"type":"if","locations":[{"start":{"line":39,"column":6},"end":{"line":45,"column":7}},{"start":{"line":41,"column":13},"end":{"line":45,"column":7}}]}},"s":{"0":2,"1":2,"2":18,"3":18,"4":18,"5":18,"6":6,"7":6,"8":6,"9":6,"10":18,"11":12,"12":12,"13":554,"14":6,"15":554,"16":554,"17":554,"18":3,"19":551,"20":551,"21":551,"22":12,"23":12,"24":12,"25":18,"26":6,"27":18,"28":18,"29":2,"30":2,"31":557,"32":2,"33":557},"f":{"0":18,"1":6,"2":12,"3":554,"4":12,"5":6,"6":557,"7":557},"b":{"0":[6],"1":[0],"2":[6],"3":[0,18],"4":[6],"5":[3,551]}}
}
