{"/home/andrey/Develop/progressive-counter/src/index.tsx": {"path":"/home/andrey/Develop/progressive-counter/src/index.tsx","statementMap":{"0":{"start":{"line":1,"column":0},"end":{"line":1,"column":31}},"1":{"start":{"line":3,"column":0},"end":{"line":3,"column":70}},"2":{"start":{"line":25,"column":18},"end":{"line":30,"column":null}},"3":{"start":{"line":33,"column":2},"end":{"line":33,"column":60}},"4":{"start":{"line":16,"column":0},"end":{"line":16,"column":16}}},"fnMap":{"0":{"name":"ProgressiveCounter","decl":{"start":{"line":16,"column":16},"end":{"line":16,"column":34}},"loc":{"start":{"line":24,"column":8},"end":{"line":34,"column":1}}}},"branchMap":{"0":{"loc":{"start":{"line":23,"column":2},"end":{"line":23,"column":17}},"type":"default-arg","locations":[{"start":{"line":23,"column":12},"end":{"line":23,"column":17}}]}},"s":{"0":1,"1":1,"2":0,"3":0,"4":1},"f":{"0":0},"b":{"0":[0]}}
,"/home/andrey/Develop/progressive-counter/src/progressiveCounter.ts": {"path":"/home/andrey/Develop/progressive-counter/src/progressiveCounter.ts","statementMap":{"0":{"start":{"line":18,"column":15},"end":{"line":18,"column":25}},"1":{"start":{"line":19,"column":16},"end":{"line":19,"column":28}},"2":{"start":{"line":20,"column":20},"end":{"line":20,"column":21}},"3":{"start":{"line":24,"column":4},"end":{"line":24,"column":70}},"4":{"start":{"line":26,"column":15},"end":{"line":28,"column":3}},"5":{"start":{"line":27,"column":4},"end":{"line":27,"column":31}},"6":{"start":{"line":30,"column":23},"end":{"line":32,"column":3}},"7":{"start":{"line":31,"column":4},"end":{"line":31,"column":38}},"8":{"start":{"line":34,"column":16},"end":{"line":34,"column":57}},"9":{"start":{"line":36,"column":28},"end":{"line":53,"column":3}},"10":{"start":{"line":37,"column":21},"end":{"line":37,"column":40}},"11":{"start":{"line":39,"column":4},"end":{"line":46,"column":5}},"12":{"start":{"line":40,"column":6},"end":{"line":40,"column":23}},"13":{"start":{"line":41,"column":6},"end":{"line":41,"column":30}},"14":{"start":{"line":43,"column":6},"end":{"line":43,"column":62}},"15":{"start":{"line":44,"column":6},"end":{"line":44,"column":36}},"16":{"start":{"line":45,"column":6},"end":{"line":45,"column":55}},"17":{"start":{"line":48,"column":15},"end":{"line":48,"column":65}},"18":{"start":{"line":50,"column":4},"end":{"line":52,"column":5}},"19":{"start":{"line":51,"column":6},"end":{"line":51,"column":47}},"20":{"start":{"line":55,"column":2},"end":{"line":55,"column":51}},"21":{"start":{"line":10,"column":0},"end":{"line":10,"column":16}}},"fnMap":{"0":{"name":"progressiveCounter","decl":{"start":{"line":10,"column":16},"end":{"line":10,"column":34}},"loc":{"start":{"line":17,"column":8},"end":{"line":56,"column":1}}},"1":{"name":"(anonymous_1)","decl":{"start":{"line":26,"column":15},"end":{"line":26,"column":16}},"loc":{"start":{"line":26,"column":55},"end":{"line":28,"column":3}}},"2":{"name":"(anonymous_2)","decl":{"start":{"line":30,"column":23},"end":{"line":30,"column":24}},"loc":{"start":{"line":30,"column":41},"end":{"line":32,"column":3}}},"3":{"name":"(anonymous_3)","decl":{"start":{"line":36,"column":28},"end":{"line":36,"column":31}},"loc":{"start":{"line":36,"column":33},"end":{"line":53,"column":3}}}},"branchMap":{"0":{"loc":{"start":{"line":12,"column":2},"end":{"line":12,"column":17}},"type":"default-arg","locations":[{"start":{"line":12,"column":13},"end":{"line":12,"column":17}}]},"1":{"loc":{"start":{"line":13,"column":2},"end":{"line":13,"column":14}},"type":"default-arg","locations":[{"start":{"line":13,"column":13},"end":{"line":13,"column":14}}]},"2":{"loc":{"start":{"line":14,"column":2},"end":{"line":14,"column":11}},"type":"default-arg","locations":[{"start":{"line":14,"column":10},"end":{"line":14,"column":11}}]},"3":{"loc":{"start":{"line":24,"column":4},"end":{"line":24,"column":70}},"type":"cond-expr","locations":[{"start":{"line":24,"column":41},"end":{"line":24,"column":55}},{"start":{"line":24,"column":58},"end":{"line":24,"column":70}}]},"4":{"loc":{"start":{"line":39,"column":4},"end":{"line":46,"column":5}},"type":"if","locations":[{"start":{"line":39,"column":4},"end":{"line":46,"column":5}},{"start":{"line":42,"column":11},"end":{"line":46,"column":5}}]},"5":{"loc":{"start":{"line":50,"column":4},"end":{"line":52,"column":5}},"type":"if","locations":[{"start":{"line":50,"column":4},"end":{"line":52,"column":5}}]}},"s":{"0":1,"1":1,"2":1,"3":1,"4":1,"5":0,"6":1,"7":0,"8":1,"9":1,"10":0,"11":0,"12":0,"13":0,"14":0,"15":0,"16":0,"17":0,"18":0,"19":0,"20":1,"21":1},"f":{"0":1,"1":0,"2":0,"3":0},"b":{"0":[1],"1":[0],"2":[1],"3":[0,1],"4":[0,0],"5":[0]}}
,"/home/andrey/Develop/progressive-counter/src/hooks/useProgressiveCounter.ts": {"path":"/home/andrey/Develop/progressive-counter/src/hooks/useProgressiveCounter.ts","statementMap":{"0":{"start":{"line":1,"column":0},"end":{"line":1,"column":57}},"1":{"start":{"line":3,"column":37},"end":{"line":52,"column":1}},"2":{"start":{"line":10,"column":30},"end":{"line":10,"column":52}},"3":{"start":{"line":11,"column":32},"end":{"line":11,"column":54}},"4":{"start":{"line":12,"column":28},"end":{"line":12,"column":39}},"5":{"start":{"line":13,"column":40},"end":{"line":13,"column":51}},"6":{"start":{"line":16,"column":4},"end":{"line":16,"column":70}},"7":{"start":{"line":18,"column":19},"end":{"line":28,"column":null}},"8":{"start":{"line":20,"column":25},"end":{"line":20,"column":30}},"9":{"start":{"line":21,"column":20},"end":{"line":21,"column":61}},"10":{"start":{"line":23,"column":6},"end":{"line":23,"column":22}},"11":{"start":{"line":24,"column":6},"end":{"line":24,"column":28}},"12":{"start":{"line":25,"column":6},"end":{"line":25,"column":24}},"13":{"start":{"line":26,"column":6},"end":{"line":26,"column":69}},"14":{"start":{"line":31,"column":2},"end":{"line":43,"column":51}},"15":{"start":{"line":32,"column":20},"end":{"line":40,"column":13}},"16":{"start":{"line":33,"column":23},"end":{"line":33,"column":42}},"17":{"start":{"line":34,"column":6},"end":{"line":39,"column":7}},"18":{"start":{"line":35,"column":8},"end":{"line":35,"column":27}},"19":{"start":{"line":37,"column":8},"end":{"line":37,"column":66}},"20":{"start":{"line":38,"column":8},"end":{"line":38,"column":40}},"21":{"start":{"line":42,"column":4},"end":{"line":42,"column":39}},"22":{"start":{"line":42,"column":17},"end":{"line":42,"column":38}},"23":{"start":{"line":45,"column":2},"end":{"line":47,"column":29}},"24":{"start":{"line":46,"column":4},"end":{"line":46,"column":25}},"25":{"start":{"line":49,"column":16},"end":{"line":49,"column":41}},"26":{"start":{"line":51,"column":2},"end":{"line":51,"column":17}},"27":{"start":{"line":3,"column":13},"end":{"line":3,"column":37}},"28":{"start":{"line":54,"column":13},"end":{"line":56,"column":1}},"29":{"start":{"line":55,"column":2},"end":{"line":55,"column":29}},"30":{"start":{"line":58,"column":21},"end":{"line":60,"column":1}},"31":{"start":{"line":59,"column":2},"end":{"line":59,"column":36}}},"fnMap":{"0":{"name":"(anonymous_0)","decl":{"start":{"line":3,"column":37},"end":{"line":3,"column":null}},"loc":{"start":{"line":9,"column":14},"end":{"line":52,"column":1}}},"1":{"name":"(anonymous_1)","decl":{"start":{"line":19,"column":4},"end":{"line":19,"column":5}},"loc":{"start":{"line":19,"column":22},"end":{"line":27,"column":5}}},"2":{"name":"(anonymous_2)","decl":{"start":{"line":31,"column":12},"end":{"line":31,"column":15}},"loc":{"start":{"line":31,"column":17},"end":{"line":43,"column":3}}},"3":{"name":"(anonymous_3)","decl":{"start":{"line":32,"column":31},"end":{"line":32,"column":34}},"loc":{"start":{"line":32,"column":36},"end":{"line":40,"column":5}}},"4":{"name":"(anonymous_4)","decl":{"start":{"line":42,"column":11},"end":{"line":42,"column":14}},"loc":{"start":{"line":42,"column":17},"end":{"line":42,"column":38}}},"5":{"name":"(anonymous_5)","decl":{"start":{"line":45,"column":12},"end":{"line":45,"column":15}},"loc":{"start":{"line":45,"column":17},"end":{"line":47,"column":3}}},"6":{"name":"(anonymous_6)","decl":{"start":{"line":54,"column":13},"end":{"line":54,"column":14}},"loc":{"start":{"line":54,"column":61},"end":{"line":56,"column":1}}},"7":{"name":"(anonymous_7)","decl":{"start":{"line":58,"column":21},"end":{"line":58,"column":22}},"loc":{"start":{"line":58,"column":47},"end":{"line":60,"column":1}}}},"branchMap":{"0":{"loc":{"start":{"line":5,"column":2},"end":{"line":5,"column":17}},"type":"default-arg","locations":[{"start":{"line":5,"column":13},"end":{"line":5,"column":17}}]},"1":{"loc":{"start":{"line":6,"column":2},"end":{"line":6,"column":14}},"type":"default-arg","locations":[{"start":{"line":6,"column":13},"end":{"line":6,"column":14}}]},"2":{"loc":{"start":{"line":7,"column":2},"end":{"line":7,"column":11}},"type":"default-arg","locations":[{"start":{"line":7,"column":10},"end":{"line":7,"column":11}}]},"3":{"loc":{"start":{"line":16,"column":4},"end":{"line":16,"column":70}},"type":"cond-expr","locations":[{"start":{"line":16,"column":41},"end":{"line":16,"column":55}},{"start":{"line":16,"column":58},"end":{"line":16,"column":70}}]},"4":{"loc":{"start":{"line":34,"column":6},"end":{"line":39,"column":7}},"type":"if","locations":[{"start":{"line":34,"column":6},"end":{"line":39,"column":7}},{"start":{"line":36,"column":13},"end":{"line":39,"column":7}}]}},"s":{"0":1,"1":1,"2":0,"3":0,"4":0,"5":0,"6":0,"7":0,"8":0,"9":0,"10":0,"11":0,"12":0,"13":0,"14":0,"15":0,"16":0,"17":0,"18":0,"19":0,"20":0,"21":0,"22":0,"23":0,"24":0,"25":0,"26":0,"27":1,"28":1,"29":0,"30":1,"31":0},"f":{"0":0,"1":0,"2":0,"3":0,"4":0,"5":0,"6":0,"7":0},"b":{"0":[0],"1":[0],"2":[0],"3":[0,0],"4":[0,0]}}
}
