TN:
SF:src/index.tsx
FN:16,ProgressiveCounter
FNF:1
FNH:1
FNDA:6,ProgressiveCounter
DA:1,1
DA:3,1
DA:16,1
DA:25,6
DA:33,6
LF:5
LH:5
BRDA:23,0,0,3
BRF:1
BRH:1
end_of_record
TN:
SF:src/progressiveCounter.ts
FN:10,(anonymous_0)
FN:14,(anonymous_1)
FN:18,progressiveCounter
FN:40,(anonymous_3)
FNF:4
FNH:4
FNDA:96,(anonymous_0)
FNDA:96,(anonymous_1)
FNDA:1,progressiveCounter
FNDA:96,(anonymous_3)
DA:10,1
DA:11,96
DA:14,1
DA:15,96
DA:18,1
DA:26,1
DA:27,1
DA:30,1
DA:32,1
DA:33,1
DA:35,1
DA:37,1
DA:40,1
DA:41,96
DA:42,1
DA:45,96
DA:46,96
DA:48,96
DA:49,1
DA:50,1
DA:52,95
DA:53,95
DA:54,95
DA:56,96
DA:58,96
DA:59,96
DA:63,1
LF:27
LH:27
BRDA:20,0,0,0
BRDA:21,1,0,0
BRDA:22,2,0,1
BRDA:24,3,0,0
BRDA:30,4,0,0
BRDA:30,4,1,1
BRDA:41,5,0,1
BRDA:48,6,0,1
BRDA:48,6,1,95
BRDA:58,7,0,96
BRF:10
BRH:6
end_of_record
TN:
SF:src/hooks/useProgressiveCounter.ts
FN:3,(anonymous_0)
FN:17,(anonymous_1)
FN:27,(anonymous_2)
FN:31,(anonymous_3)
FN:50,(anonymous_4)
FN:55,(anonymous_5)
FN:64,(anonymous_6)
FN:68,(anonymous_7)
FNF:8
FNH:8
FNDA:18,(anonymous_0)
FNDA:6,(anonymous_1)
FNDA:12,(anonymous_2)
FNDA:554,(anonymous_3)
FNDA:12,(anonymous_4)
FNDA:6,(anonymous_5)
FNDA:557,(anonymous_6)
FNDA:557,(anonymous_7)
DA:1,2
DA:3,2
DA:10,18
DA:11,18
DA:14,18
DA:16,18
DA:18,6
DA:19,6
DA:21,6
DA:22,6
DA:27,18
DA:28,12
DA:31,12
DA:32,554
DA:33,6
DA:36,554
DA:37,554
DA:39,554
DA:40,3
DA:42,551
DA:43,551
DA:44,551
DA:48,12
DA:50,12
DA:51,12
DA:55,18
DA:56,6
DA:59,18
DA:61,18
DA:64,2
DA:65,557
DA:68,2
DA:69,557
LF:33
LH:33
BRDA:5,0,0,6
BRDA:6,1,0,0
BRDA:7,2,0,6
BRDA:14,3,0,0
BRDA:14,3,1,18
BRDA:32,4,0,6
BRDA:39,5,0,3
BRDA:39,5,1,551
BRF:8
BRH:6
end_of_record
