TN:
SF:src/index.tsx
FN:16,ProgressiveCounter
FNF:1
FNH:0
FNDA:0,ProgressiveCounter
DA:1,1
DA:3,1
DA:16,1
DA:25,0
DA:33,0
LF:5
LH:3
BRDA:23,0,0,0
BRF:1
BRH:0
end_of_record
TN:
SF:src/progressiveCounter.ts
FN:10,progressiveCounter
FN:26,(anonymous_1)
FN:30,(anonymous_2)
FN:36,(anonymous_3)
FNF:4
FNH:1
FNDA:1,progressiveCounter
FNDA:0,(anonymous_1)
FNDA:0,(anonymous_2)
FNDA:0,(anonymous_3)
DA:10,1
DA:18,1
DA:19,1
DA:20,1
DA:24,1
DA:26,1
DA:27,0
DA:30,1
DA:31,0
DA:34,1
DA:36,1
DA:37,0
DA:39,0
DA:40,0
DA:41,0
DA:43,0
DA:44,0
DA:45,0
DA:48,0
DA:50,0
DA:51,0
DA:55,1
LF:22
LH:10
BRDA:12,0,0,1
BRDA:13,1,0,0
BRDA:14,2,0,1
BRDA:24,3,0,0
BRDA:24,3,1,1
BRDA:39,4,0,0
BRDA:39,4,1,0
BRDA:50,5,0,0
BRF:8
BRH:3
end_of_record
TN:
SF:src/hooks/useProgressiveCounter.ts
FN:3,(anonymous_0)
FN:19,(anonymous_1)
FN:31,(anonymous_2)
FN:32,(anonymous_3)
FN:42,(anonymous_4)
FN:45,(anonymous_5)
FN:54,(anonymous_6)
FN:58,(anonymous_7)
FNF:8
FNH:0
FNDA:0,(anonymous_0)
FNDA:0,(anonymous_1)
FNDA:0,(anonymous_2)
FNDA:0,(anonymous_3)
FNDA:0,(anonymous_4)
FNDA:0,(anonymous_5)
FNDA:0,(anonymous_6)
FNDA:0,(anonymous_7)
DA:1,1
DA:3,1
DA:10,0
DA:11,0
DA:12,0
DA:13,0
DA:16,0
DA:18,0
DA:20,0
DA:21,0
DA:23,0
DA:24,0
DA:25,0
DA:26,0
DA:31,0
DA:32,0
DA:33,0
DA:34,0
DA:35,0
DA:37,0
DA:38,0
DA:42,0
DA:45,0
DA:46,0
DA:49,0
DA:51,0
DA:54,1
DA:55,0
DA:58,1
DA:59,0
LF:30
LH:4
BRDA:5,0,0,0
BRDA:6,1,0,0
BRDA:7,2,0,0
BRDA:16,3,0,0
BRDA:16,3,1,0
BRDA:34,4,0,0
BRDA:34,4,1,0
BRF:7
BRH:0
end_of_record
